2023-08-15T13:22:54.138Z [ERROR]: Error connecting to the database: mongoose is not defined
2023-08-15T13:23:03.859Z [ERROR]: Error connecting to the database: mongoose is not defined
2023-08-15T13:23:05.352Z [ERROR]: Error connecting to the database: constants is not defined
2023-08-15T13:23:09.339Z [ERROR]: Error connecting to the database: constants is not defined
2023-08-15T13:23:12.852Z [ERROR]: Error connecting to the database: constants is not defined
2023-08-15T13:23:17.277Z [ERROR]: Error connecting to the database: constants is not defined
2023-08-15T13:23:19.348Z [ERROR]: Error connecting to the database: constants is not defined
2023-08-15T13:23:28.168Z [ERROR]: Error connecting to the database: cons is not defined
2023-08-15T13:23:34.738Z [ERROR]: Error connecting to the database: cons is not defined
2023-08-15T13:23:39.709Z [INFO]: Connected to the database
2023-08-15T13:24:34.908Z [INFO]: Connected to the database
2023-08-15T13:24:48.472Z [INFO]: Server is running on port 3000
2023-08-15T13:24:52.084Z [INFO]: Server is running on port 3000
2023-08-15T13:24:53.796Z [INFO]: Server is running on port 3000
2023-08-15T13:24:56.295Z [INFO]: Server is running on port 3000
2023-08-15T13:24:59.336Z [INFO]: Connected to the database
2023-08-15T13:25:01.284Z [INFO]: Server is running on port 3000
2023-08-15T13:25:05.009Z [INFO]: Connected to the database
2023-08-15T13:25:14.189Z [INFO]: Server is running on port 3000
2023-08-15T13:25:17.194Z [INFO]: Connected to the database
2023-08-15T13:26:51.591Z [INFO]: Server is running on port 3000
2023-08-15T13:26:54.680Z [INFO]: Connected to the database
2023-08-15T13:26:57.240Z [INFO]: Server is running on port 3000
2023-08-15T13:27:00.167Z [INFO]: Connected to the database
2023-08-15T13:27:07.214Z [INFO]: Server is running on port 3000
2023-08-15T13:27:11.145Z [INFO]: Server is running on port 3000
2023-08-15T13:27:14.033Z [INFO]: Connected to the database
2023-08-15T13:27:17.269Z [INFO]: Server is running on port 3000
2023-08-15T13:27:20.178Z [INFO]: Connected to the database
2023-08-15T13:27:22.104Z [INFO]: Server is running on port 3000
2023-08-15T13:27:25.814Z [INFO]: Connected to the database
2023-08-15T13:27:27.627Z [INFO]: Server is running on port 3000
2023-08-15T13:27:29.212Z [INFO]: Server is running on port 3000
2023-08-15T13:27:32.159Z [INFO]: Connected to the database
2023-08-15T13:27:33.941Z [INFO]: Server is running on port 3000
2023-08-15T13:27:35.942Z [INFO]: Server is running on port 3000
2023-08-15T13:27:41.226Z [INFO]: Server is running on port 3000
2023-08-15T13:27:45.104Z [INFO]: Connected to the database
2023-08-15T13:30:16.007Z [INFO]: Server is running on port 3000
2023-08-15T13:30:19.071Z [INFO]: Connected to the database
2023-08-15T13:30:21.338Z [INFO]: Server is running on port 3000
2023-08-15T13:30:24.195Z [INFO]: Connected to the database
2023-08-15T13:30:25.955Z [INFO]: Server is running on port 3000
2023-08-15T13:30:29.688Z [INFO]: Server is running on port 3000
2023-08-15T13:30:32.801Z [INFO]: Connected to the database
2023-08-15T13:30:38.311Z [INFO]: Server is running on port 3000
2023-08-15T13:30:42.456Z [INFO]: Server is running on port 3000
2023-08-15T13:30:44.225Z [INFO]: Server is running on port 3000
2023-08-15T13:30:47.232Z [INFO]: Connected to the database
2023-08-15T13:30:50.904Z [INFO]: Server is running on port 3000
2023-08-15T13:30:52.727Z [INFO]: Server is running on port 3000
2023-08-15T13:30:54.690Z [INFO]: Server is running on port 3000
2023-08-15T13:30:58.035Z [INFO]: Server is running on port 3000
2023-08-15T13:30:59.167Z [INFO]: Server is running on port 3000
2023-08-15T13:31:02.083Z [INFO]: Connected to the database
2023-08-15T13:31:09.063Z [INFO]: Server is running on port 3000
2023-08-15T13:31:10.670Z [INFO]: Server is running on port 3000
2023-08-15T13:31:13.549Z [INFO]: Connected to the database
2023-08-15T13:31:51.114Z [INFO]: Server is running on port 3000
2023-08-15T13:31:54.201Z [INFO]: Connected to the database
2023-08-15T13:31:57.264Z [INFO]: Server is running on port 3000
2023-08-15T13:31:59.941Z [INFO]: Server is running on port 3000
2023-08-15T13:32:03.016Z [INFO]: Connected to the database
2023-08-15T13:32:04.618Z [INFO]: Server is running on port 3000
2023-08-15T13:32:07.605Z [INFO]: Server is running on port 3000
2023-08-15T13:32:10.824Z [INFO]: Server is running on port 3000
2023-08-15T13:32:13.966Z [INFO]: Connected to the database
2023-08-15T13:32:44.716Z [INFO]: Server is running on port 3000
2023-08-15T13:32:47.759Z [INFO]: Connected to the database
2023-08-15T13:32:50.854Z [INFO]: Server is running on port 3000
2023-08-15T13:32:53.614Z [INFO]: Server is running on port 3000
2023-08-15T13:32:56.886Z [INFO]: Server is running on port 3000
2023-08-15T13:32:59.317Z [INFO]: Server is running on port 3000
2023-08-15T13:33:01.685Z [INFO]: Server is running on port 3000
2023-08-15T13:33:04.653Z [INFO]: Connected to the database
2023-08-15T13:33:08.779Z [INFO]: Server is running on port 3000
2023-08-15T13:33:11.043Z [INFO]: Server is running on port 3000
2023-08-15T13:33:12.889Z [INFO]: Server is running on port 3000
2023-08-15T13:33:15.890Z [INFO]: Connected to the database
2023-08-15T13:33:34.619Z [INFO]: Server is running on port 3000
2023-08-15T13:33:37.628Z [INFO]: Connected to the database
2023-08-15T13:34:04.953Z [INFO]: Server is running on port 3000
2023-08-15T13:34:08.525Z [INFO]: Server is running on port 3000
2023-08-15T13:34:09.940Z [INFO]: Server is running on port 3000
2023-08-15T13:34:12.956Z [INFO]: Connected to the database
2023-08-15T13:34:20.603Z [INFO]: Server is running on port 3000
2023-08-15T13:34:25.801Z [INFO]: Server is running on port 3000
2023-08-15T13:34:28.542Z [INFO]: Server is running on port 3000
2023-08-15T13:34:31.596Z [INFO]: Connected to the database
2023-08-15T13:34:35.098Z [INFO]: Server is running on port 3000
2023-08-15T13:34:37.873Z [INFO]: Server is running on port 3000
2023-08-15T13:34:41.970Z [INFO]: Server is running on port 3000
2023-08-15T13:34:46.285Z [INFO]: Server is running on port 3000
2023-08-15T13:34:47.888Z [INFO]: Server is running on port 3000
2023-08-15T13:34:49.705Z [INFO]: Server is running on port 3000
2023-08-15T13:34:53.662Z [INFO]: Server is running on port 3000
2023-08-15T13:34:56.681Z [INFO]: Server is running on port 3000
2023-08-15T13:34:59.650Z [INFO]: Connected to the database
2023-08-15T13:35:07.322Z [INFO]: Server is running on port 3000
2023-08-15T13:35:10.404Z [INFO]: Connected to the database
2023-08-15T13:35:12.344Z [INFO]: Server is running on port 3000
2023-08-15T13:35:16.510Z [INFO]: Server is running on port 3000
2023-08-15T13:35:18.086Z [INFO]: Server is running on port 3000
2023-08-15T13:35:21.476Z [INFO]: Server is running on port 3000
2023-08-15T13:35:23.386Z [INFO]: Server is running on port 3000
2023-08-15T13:35:26.278Z [INFO]: Connected to the database
2023-08-15T13:35:30.390Z [INFO]: Server is running on port 3000
2023-08-15T13:35:32.450Z [INFO]: Server is running on port 3000
2023-08-15T13:35:35.891Z [INFO]: Server is running on port 3000
2023-08-15T13:35:40.143Z [INFO]: Server is running on port 3000
2023-08-15T13:35:43.195Z [INFO]: Connected to the database
2023-08-15T13:36:06.521Z [ERROR]: Error: An error occurred while logging in "expiresIn" should be a number of seconds or string representing a timespan
2023-08-15T13:36:25.848Z [INFO]: Server is running on port 3000
2023-08-15T13:36:28.943Z [INFO]: Connected to the database
2023-08-15T13:36:31.190Z [ERROR]: Error: An error occurred while logging in "expiresIn" should be a number of seconds or string representing a timespan
2023-08-15T13:37:10.306Z [INFO]: Server is running on port 3000
2023-08-15T13:37:13.282Z [INFO]: Connected to the database
2023-08-15T13:38:27.145Z [INFO]: Server is running on port 3000
2023-08-15T13:38:30.192Z [INFO]: Connected to the database
2023-08-15T13:40:34.143Z [INFO]: Server is running on port 3000
2023-08-15T13:40:37.465Z [INFO]: Server is running on port 3000
2023-08-15T13:40:39.202Z [INFO]: Server is running on port 3000
2023-08-15T13:40:42.089Z [INFO]: Connected to the database
2023-08-15T13:40:43.897Z [INFO]: Server is running on port 3000
2023-08-15T13:40:46.891Z [INFO]: Connected to the database
2023-08-15T13:47:40.385Z [INFO]: Server is running on port 3000
2023-08-15T13:47:43.145Z [INFO]: Connected to the database
2023-08-15T13:47:50.490Z [INFO]: Server is running on port 3000
2023-08-15T13:47:55.225Z [INFO]: Server is running on port 3000
2023-08-15T13:47:58.355Z [INFO]: Server is running on port 3000
2023-08-15T13:48:03.518Z [INFO]: Server is running on port 3000
2023-08-15T13:48:05.585Z [INFO]: Server is running on port 3000
2023-08-15T13:48:08.236Z [INFO]: Connected to the database
2023-08-15T13:48:12.114Z [INFO]: Server is running on port 3000
2023-08-15T13:48:16.874Z [INFO]: Server is running on port 3000
2023-08-15T13:48:18.284Z [INFO]: Server is running on port 3000
2023-08-15T13:48:20.988Z [INFO]: Connected to the database
2023-08-15T13:48:22.336Z [INFO]: Server is running on port 3000
2023-08-15T13:48:25.060Z [INFO]: Connected to the database
